<?xml version="1.0" encoding="UTF-8"?>
<TestRun id="cf73b7d8-8a69-4d1e-955a-d11808aeb7fb" name="modiwd@MXS116 2010-02-18 17:25:58" runUser="MX\modiwd" xmlns="http://microsoft.com/schemas/VisualStudio/TeamTest/2006">
  <TestRunConfiguration name="Default Run Configuration" id="5a142174-6135-4011-8e01-33e95845634e">
    <Deployment runDeploymentRoot="C:\Documents and Settings\modiwd\Mijn documenten\Visual Studio 2008\TFS\MetaData\BeheerThemas.Tests\bin\Debug\TestResults\modiwd_MXS116 2010-02-18 17_25_58" />
    <Hosts skipUnhostableTests="false" />
    <TestTypeSpecific />
  </TestRunConfiguration>
  <ResultSummary outcome="Failed">
    <Counters total="1" executed="1" error="0" failed="1" timeout="0" aborted="0" inconclusive="0" passedButRunAborted="0" notRunnable="0" notExecuted="0" disconnected="0" warning="0" passed="0" completed="0" inProgress="0" pending="0" />
  </ResultSummary>
  <Times creation="2010-02-18T17:25:58.8953327+01:00" queuing="2010-02-18T17:26:00.4733870+01:00" start="2010-02-18T17:26:00.5671328+01:00" finish="2010-02-18T17:26:01.0046132+01:00" />
  <TestDefinitions>
    <UnitTest name="HaalThemasOpTest" storage="c:\documents and settings\modiwd\mijn documenten\visual studio 2008\tfs\metadata\beheerthemas.tests\bin\debug\beheerthemas.tests.dll" id="be47fab5-cf4f-0e45-65a7-c049d59d38d3">
      <Css projectStructure="" iteration="" />
      <Execution timeOut="1800000" id="6f11e1ea-95ee-47f1-9749-b98f4b47132b" />
      <Owners>
        <Owner name="" />
      </Owners>
      <TestMethod codeBase="C:/Documents and Settings/modiwd/Mijn documenten/Visual Studio 2008/TFS/MetaData/BeheerThemas.Tests/bin/Debug/BeheerThemas.Tests.DLL" adapterTypeName="Microsoft.VisualStudio.TestTools.TestTypes.Unit.UnitTestAdapter, Microsoft.VisualStudio.QualityTools.Tips.UnitTest.Adapter" className="MetaData.BeheerThemas.Tests.BeheerThemasModuleControllerFixture, BeheerThemas.Tests, Version=1.0.0.0, Culture=neutral, PublicKeyToken=null" name="HaalThemasOpTest" />
    </UnitTest>
  </TestDefinitions>
  <TestLists>
    <TestList name="Results Not in a List" id="8c84fa94-04c1-424b-9868-57a2d4851a1d" />
    <TestList name="All Loaded Results" id="19431567-8539-422a-85d7-44ee4e166bda" />
  </TestLists>
  <TestEntries>
    <TestEntry testId="be47fab5-cf4f-0e45-65a7-c049d59d38d3" executionId="6f11e1ea-95ee-47f1-9749-b98f4b47132b" testListId="8c84fa94-04c1-424b-9868-57a2d4851a1d" />
  </TestEntries>
  <Results>
    <UnitTestResult executionId="6f11e1ea-95ee-47f1-9749-b98f4b47132b" testId="be47fab5-cf4f-0e45-65a7-c049d59d38d3" testName="HaalThemasOpTest" computerName="MXS116" duration="00:00:00.2073466" startTime="2010-02-18T17:26:00.6296300+01:00" endTime="2010-02-18T17:26:00.9577403+01:00" testType="13cdc9d9-ddb5-4fa4-a97d-d965ccfc6d4b" outcome="Failed" testListId="8c84fa94-04c1-424b-9868-57a2d4851a1d">
      <Output>
        <ErrorInfo>
          <Message>Test method MetaData.BeheerThemas.Tests.BeheerThemasModuleControllerFixture.HaalThemasOpTest threw exception:  System.NotImplementedException: De methode of bewerking is niet geïmplementeerd..</Message>
          <StackTrace>    bij MetaData.BeheerThemas.BeheerThemasController.GetThemaTable() in C:\Documents and Settings\modiwd\Mijn documenten\Visual Studio 2008\TFS\MetaData\BeheerThemas\BeheerThemasController.cs:regel 24
   bij MetaData.BeheerThemas.Tests.BeheerThemasModuleControllerFixture.HaalThemasOpTest() in C:\Documents and Settings\modiwd\Mijn documenten\Visual Studio 2008\TFS\MetaData\BeheerThemas.Tests\BeheerThemasModuleControllerFixture.cs:regel 48
</StackTrace>
        </ErrorInfo>
      </Output>
    </UnitTestResult>
  </Results>
</TestRun>