<?xml version="1.0" encoding="UTF-8"?>
<TestRun id="154a6df1-d8b2-4329-b5d4-56a49670e810" name="modiwd@MXS116 2010-02-19 09:48:39" runUser="MX\modiwd" xmlns="http://microsoft.com/schemas/VisualStudio/TeamTest/2006">
  <TestRunConfiguration name="Default Run Configuration" id="f7cdd48d-776b-4dbb-90cc-27d17a2f8ca8">
    <Deployment runDeploymentRoot="C:\Documents and Settings\modiwd\Mijn documenten\Visual Studio 2008\TFS\MetaData\BeheerThemas.Tests\bin\Debug\TestResults\modiwd_MXS116 2010-02-19 09_48_39" />
    <Hosts skipUnhostableTests="false" />
    <TestTypeSpecific />
  </TestRunConfiguration>
  <ResultSummary outcome="Completed">
    <Counters total="1" executed="1" passed="1" error="0" failed="0" timeout="0" aborted="0" inconclusive="0" passedButRunAborted="0" notRunnable="0" notExecuted="0" disconnected="0" warning="0" completed="0" inProgress="0" pending="0" />
  </ResultSummary>
  <Times creation="2010-02-19T09:48:39.0112548+01:00" queuing="2010-02-19T09:48:39.8393215+01:00" start="2010-02-19T09:48:39.9174410+01:00" finish="2010-02-19T09:48:40.1361756+01:00" />
  <TestDefinitions>
    <UnitTest name="HaalThemasOpTest" storage="c:\documents and settings\modiwd\mijn documenten\visual studio 2008\tfs\metadata\beheerthemas.tests\bin\debug\beheerthemas.tests.dll" id="be47fab5-cf4f-0e45-65a7-c049d59d38d3">
      <Css projectStructure="" iteration="" />
      <Execution timeOut="1800000" id="faa78755-a112-46a2-89bc-e8cc7454d063" />
      <Owners>
        <Owner name="" />
      </Owners>
      <TestMethod codeBase="C:/Documents and Settings/modiwd/Mijn documenten/Visual Studio 2008/TFS/MetaData/BeheerThemas.Tests/bin/Debug/BeheerThemas.Tests.DLL" adapterTypeName="Microsoft.VisualStudio.TestTools.TestTypes.Unit.UnitTestAdapter, Microsoft.VisualStudio.QualityTools.Tips.UnitTest.Adapter" className="MetaData.BeheerThemas.Tests.BeheerThemasModuleControllerFixture, BeheerThemas.Tests, Version=1.0.0.0, Culture=neutral, PublicKeyToken=null" name="HaalThemasOpTest" />
    </UnitTest>
  </TestDefinitions>
  <TestLists>
    <TestList name="Results Not in a List" id="8c84fa94-04c1-424b-9868-57a2d4851a1d" />
    <TestList name="All Loaded Results" id="19431567-8539-422a-85d7-44ee4e166bda" />
  </TestLists>
  <TestEntries>
    <TestEntry testId="be47fab5-cf4f-0e45-65a7-c049d59d38d3" executionId="faa78755-a112-46a2-89bc-e8cc7454d063" testListId="8c84fa94-04c1-424b-9868-57a2d4851a1d" />
  </TestEntries>
  <Results>
    <UnitTestResult executionId="faa78755-a112-46a2-89bc-e8cc7454d063" testId="be47fab5-cf4f-0e45-65a7-c049d59d38d3" testName="HaalThemasOpTest" computerName="MXS116" duration="00:00:00.0139003" startTime="2010-02-19T09:48:39.9643127+01:00" endTime="2010-02-19T09:48:40.1049278+01:00" testType="13cdc9d9-ddb5-4fa4-a97d-d965ccfc6d4b" outcome="Passed" testListId="8c84fa94-04c1-424b-9868-57a2d4851a1d">
      <Output>
      </Output>
    </UnitTestResult>
  </Results>
</TestRun>